2020-10-09T16:34:06-0400 [INFO    ] dandi Traversing remote dandisets (000016) recursively
2020-10-09T16:34:06-0400 [INFO    ] backups2datalad.py Updating metadata file
2020-10-09T16:34:13-0400 [INFO    ] backups2datalad.py Syncing asset /sub-mouse1-fni16/sub-mouse1-fni16_ses-161220141515.nwb
2020-10-09T16:34:13-0400 [WARNING ] backups2datalad.py Asset metadata does not include sha256 hash
2020-10-09T16:34:13-0400 [INFO    ] backups2datalad.py Asset in dataset, hash not available, and size is unchanged; will not update
2020-10-09T16:34:13-0400 [INFO    ] backups2datalad.py Syncing asset /sub-mouse1-fni16/sub-mouse1-fni16_ses-161221134921.nwb
2020-10-09T16:34:13-0400 [WARNING ] backups2datalad.py Asset metadata does not include sha256 hash
2020-10-09T16:34:13-0400 [INFO    ] backups2datalad.py Asset in dataset, hash not available, and size is unchanged; will not update
2020-10-09T16:34:13-0400 [INFO    ] backups2datalad.py Syncing asset /sub-mouse1-fni16/sub-mouse1-fni16_ses-161221145840.nwb
2020-10-09T16:34:13-0400 [WARNING ] backups2datalad.py Asset metadata does not include sha256 hash
2020-10-09T16:34:14-0400 [INFO    ] backups2datalad.py Asset in dataset, hash not available, and size is unchanged; will not update
2020-10-09T16:34:14-0400 [INFO    ] backups2datalad.py Syncing asset /sub-mouse1-fni16/sub-mouse1-fni16_ses-161221150439.nwb
2020-10-09T16:34:14-0400 [WARNING ] backups2datalad.py Asset metadata does not include sha256 hash
2020-10-09T16:34:14-0400 [INFO    ] backups2datalad.py Asset in dataset, hash not available, and size is unchanged; will not update
2020-10-09T16:34:14-0400 [INFO    ] backups2datalad.py Syncing asset /sub-mouse1-fni16/sub-mouse1-fni16_ses-161221151903.nwb
2020-10-09T16:34:14-0400 [WARNING ] backups2datalad.py Asset metadata does not include sha256 hash
2020-10-09T16:34:14-0400 [INFO    ] backups2datalad.py Asset in dataset, hash not available, and size is unchanged; will not update
2020-10-09T16:34:14-0400 [INFO    ] backups2datalad.py Syncing asset /sub-mouse1-fni16/sub-mouse1-fni16_ses-161221152112.nwb
2020-10-09T16:34:14-0400 [WARNING ] backups2datalad.py Asset metadata does not include sha256 hash
2020-10-09T16:34:15-0400 [INFO    ] backups2datalad.py Asset in dataset, hash not available, and size is unchanged; will not update
2020-10-09T16:34:15-0400 [INFO    ] backups2datalad.py Syncing asset /sub-mouse1-fni16/sub-mouse1-fni16_ses-161221191914.nwb
2020-10-09T16:34:15-0400 [WARNING ] backups2datalad.py Asset metadata does not include sha256 hash
2020-10-09T16:34:15-0400 [INFO    ] backups2datalad.py Asset in dataset, hash not available, and size is unchanged; will not update
2020-10-09T16:34:15-0400 [INFO    ] backups2datalad.py Syncing asset /sub-mouse1-fni16/sub-mouse1-fni16_ses-161221192707.nwb
2020-10-09T16:34:15-0400 [WARNING ] backups2datalad.py Asset metadata does not include sha256 hash
2020-10-09T16:34:15-0400 [INFO    ] backups2datalad.py Asset in dataset, hash not available, and size is unchanged; will not update
2020-10-09T16:34:15-0400 [INFO    ] backups2datalad.py Syncing asset /sub-mouse1-fni16/sub-mouse1-fni16_ses-161221201806.nwb
2020-10-09T16:34:15-0400 [WARNING ] backups2datalad.py Asset metadata does not include sha256 hash
2020-10-09T16:34:16-0400 [INFO    ] backups2datalad.py Asset in dataset, hash not available, and size is unchanged; will not update
2020-10-09T16:34:16-0400 [INFO    ] backups2datalad.py Syncing asset /sub-mouse1-fni16/sub-mouse1-fni16_ses-161221225510.nwb
2020-10-09T16:34:16-0400 [WARNING ] backups2datalad.py Asset metadata does not include sha256 hash
2020-10-09T16:34:16-0400 [INFO    ] backups2datalad.py Asset in dataset, hash not available, and size is unchanged; will not update
2020-10-09T16:34:16-0400 [INFO    ] backups2datalad.py Syncing asset /sub-mouse1-fni16/sub-mouse1-fni16_ses-161221234022.nwb
2020-10-09T16:34:16-0400 [WARNING ] backups2datalad.py Asset metadata does not include sha256 hash
2020-10-09T16:34:16-0400 [INFO    ] backups2datalad.py Asset in dataset, hash not available, and size is unchanged; will not update
2020-10-09T16:34:16-0400 [INFO    ] backups2datalad.py Syncing asset /sub-mouse1-fni16/sub-mouse1-fni16_ses-161222001652.nwb
2020-10-09T16:34:16-0400 [WARNING ] backups2datalad.py Asset metadata does not include sha256 hash
2020-10-09T16:34:17-0400 [INFO    ] backups2datalad.py Asset in dataset, hash not available, and size is unchanged; will not update
2020-10-09T16:34:17-0400 [INFO    ] backups2datalad.py Syncing asset /sub-mouse1-fni16/sub-mouse1-fni16_ses-161222004435.nwb
2020-10-09T16:34:17-0400 [WARNING ] backups2datalad.py Asset metadata does not include sha256 hash
2020-10-09T16:34:17-0400 [INFO    ] backups2datalad.py Asset in dataset, hash not available, and size is unchanged; will not update
2020-10-09T16:34:17-0400 [INFO    ] backups2datalad.py Syncing asset /sub-mouse1-fni16/sub-mouse1-fni16_ses-161222010914.nwb
2020-10-09T16:34:17-0400 [WARNING ] backups2datalad.py Asset metadata does not include sha256 hash
2020-10-09T16:34:17-0400 [INFO    ] backups2datalad.py Asset in dataset, hash not available, and size is unchanged; will not update
2020-10-09T16:34:17-0400 [INFO    ] backups2datalad.py Syncing asset /sub-mouse1-fni16/sub-mouse1-fni16_ses-161227154657.nwb
2020-10-09T16:34:17-0400 [WARNING ] backups2datalad.py Asset metadata does not include sha256 hash
2020-10-09T16:34:18-0400 [INFO    ] backups2datalad.py Asset in dataset, hash not available, and size is unchanged; will not update
2020-10-09T16:34:18-0400 [INFO    ] backups2datalad.py Syncing asset /sub-mouse1-fni16/sub-mouse1-fni16_ses-161227155524.nwb
2020-10-09T16:34:18-0400 [WARNING ] backups2datalad.py Asset metadata does not include sha256 hash
2020-10-09T16:34:18-0400 [INFO    ] backups2datalad.py Asset in dataset, hash not available, and size is unchanged; will not update
2020-10-09T16:34:18-0400 [INFO    ] backups2datalad.py Syncing asset /sub-mouse1-fni16/sub-mouse1-fni16_ses-161228151100.nwb
2020-10-09T16:34:18-0400 [WARNING ] backups2datalad.py Asset metadata does not include sha256 hash
2020-10-09T16:34:18-0400 [INFO    ] backups2datalad.py Asset in dataset, hash not available, and size is unchanged; will not update
2020-10-09T16:34:18-0400 [INFO    ] backups2datalad.py Syncing asset /sub-mouse1-fni16/sub-mouse1-fni16_ses-161228152016.nwb
2020-10-09T16:34:18-0400 [WARNING ] backups2datalad.py Asset metadata does not include sha256 hash
2020-10-09T16:34:19-0400 [INFO    ] backups2datalad.py Asset in dataset, hash not available, and size is unchanged; will not update
2020-10-09T16:34:19-0400 [INFO    ] backups2datalad.py Syncing asset /sub-mouse1-fni16/sub-mouse1-fni16_ses-161228191005.nwb
2020-10-09T16:34:19-0400 [WARNING ] backups2datalad.py Asset metadata does not include sha256 hash
2020-10-09T16:34:19-0400 [INFO    ] backups2datalad.py Asset in dataset, hash not available, and size is unchanged; will not update
2020-10-09T16:34:19-0400 [INFO    ] backups2datalad.py Syncing asset /sub-mouse1-fni16/sub-mouse1-fni16_ses-161229142818.nwb
2020-10-09T16:34:19-0400 [WARNING ] backups2datalad.py Asset metadata does not include sha256 hash
2020-10-09T16:34:19-0400 [INFO    ] backups2datalad.py Asset in dataset, hash not available, and size is unchanged; will not update
2020-10-09T16:34:19-0400 [INFO    ] backups2datalad.py Syncing asset /sub-mouse1-fni16/sub-mouse1-fni16_ses-161229163503.nwb
2020-10-09T16:34:19-0400 [WARNING ] backups2datalad.py Asset metadata does not include sha256 hash
2020-10-09T16:34:19-0400 [INFO    ] backups2datalad.py Asset in dataset, hash not available, and size is unchanged; will not update
2020-10-09T16:34:19-0400 [INFO    ] backups2datalad.py Syncing asset /sub-mouse1-fni16/sub-mouse1-fni16_ses-170715114212.nwb
2020-10-09T16:34:19-0400 [WARNING ] backups2datalad.py Asset metadata does not include sha256 hash
2020-10-09T16:34:20-0400 [INFO    ] backups2datalad.py Asset in dataset, hash not available, and size is unchanged; will not update
2020-10-09T16:34:20-0400 [INFO    ] backups2datalad.py Syncing asset /sub-mouse1-fni16/sub-mouse1-fni16_ses-170715120548.nwb
2020-10-09T16:34:20-0400 [WARNING ] backups2datalad.py Asset metadata does not include sha256 hash
2020-10-09T16:34:20-0400 [INFO    ] backups2datalad.py Asset in dataset, hash not available, and size is unchanged; will not update
2020-10-09T16:34:20-0400 [INFO    ] backups2datalad.py Syncing asset /sub-mouse1-fni16/sub-mouse1-fni16_ses-170715124558.nwb
2020-10-09T16:34:20-0400 [WARNING ] backups2datalad.py Asset metadata does not include sha256 hash
2020-10-09T16:34:20-0400 [INFO    ] backups2datalad.py Asset in dataset, hash not available, and size is unchanged; will not update
2020-10-09T16:34:20-0400 [INFO    ] backups2datalad.py Syncing asset /sub-mouse1-fni16/sub-mouse1-fni16_ses-170715124619.nwb
2020-10-09T16:34:20-0400 [WARNING ] backups2datalad.py Asset metadata does not include sha256 hash
2020-10-09T16:34:21-0400 [INFO    ] backups2datalad.py Asset in dataset, hash not available, and size is unchanged; will not update
2020-10-09T16:34:21-0400 [INFO    ] backups2datalad.py Syncing asset /sub-mouse1-fni16/sub-mouse1-fni16_ses-170715124821.nwb
2020-10-09T16:34:21-0400 [WARNING ] backups2datalad.py Asset metadata does not include sha256 hash
2020-10-09T16:34:21-0400 [INFO    ] backups2datalad.py Asset in dataset, hash not available, and size is unchanged; will not update
2020-10-09T16:34:21-0400 [INFO    ] backups2datalad.py Syncing asset /sub-mouse1-fni16/sub-mouse1-fni16_ses-170715164713.nwb
2020-10-09T16:34:21-0400 [WARNING ] backups2datalad.py Asset metadata does not include sha256 hash
2020-10-09T16:34:21-0400 [INFO    ] backups2datalad.py Asset in dataset, hash not available, and size is unchanged; will not update
2020-10-09T16:34:21-0400 [INFO    ] backups2datalad.py Syncing asset /sub-mouse1-fni16/sub-mouse1-fni16_ses-170715205011.nwb
2020-10-09T16:34:21-0400 [WARNING ] backups2datalad.py Asset metadata does not include sha256 hash
2020-10-09T16:34:22-0400 [INFO    ] backups2datalad.py Asset in dataset, hash not available, and size is unchanged; will not update
2020-10-09T16:34:22-0400 [INFO    ] backups2datalad.py Syncing asset /sub-mouse1-fni16/sub-mouse1-fni16_ses-170716002540.nwb
2020-10-09T16:34:22-0400 [WARNING ] backups2datalad.py Asset metadata does not include sha256 hash
2020-10-09T16:34:22-0400 [INFO    ] backups2datalad.py Asset in dataset, hash not available, and size is unchanged; will not update
2020-10-09T16:34:22-0400 [INFO    ] backups2datalad.py Syncing asset /sub-mouse1-fni16/sub-mouse1-fni16_ses-170806110934.nwb
2020-10-09T16:34:22-0400 [WARNING ] backups2datalad.py Asset metadata does not include sha256 hash
2020-10-09T16:34:22-0400 [INFO    ] backups2datalad.py Asset in dataset, hash not available, and size is unchanged; will not update
2020-10-09T16:34:22-0400 [INFO    ] backups2datalad.py Syncing asset /sub-mouse1-fni16/sub-mouse1-fni16_ses-170806114920.nwb
2020-10-09T16:34:22-0400 [WARNING ] backups2datalad.py Asset metadata does not include sha256 hash
2020-10-09T16:34:23-0400 [INFO    ] backups2datalad.py Asset in dataset, hash not available, and size is unchanged; will not update
2020-10-09T16:34:23-0400 [INFO    ] backups2datalad.py Syncing asset /sub-mouse1-fni16/sub-mouse1-fni16_ses-170806163508.nwb
2020-10-09T16:34:23-0400 [WARNING ] backups2datalad.py Asset metadata does not include sha256 hash
2020-10-09T16:34:23-0400 [INFO    ] backups2datalad.py Asset in dataset, hash not available, and size is unchanged; will not update
2020-10-09T16:34:23-0400 [INFO    ] backups2datalad.py Syncing asset /sub-mouse1-fni16/sub-mouse1-fni16_ses-170807072732.nwb
2020-10-09T16:34:23-0400 [WARNING ] backups2datalad.py Asset metadata does not include sha256 hash
2020-10-09T16:34:23-0400 [INFO    ] backups2datalad.py Asset in dataset, hash not available, and size is unchanged; will not update
2020-10-09T16:34:23-0400 [INFO    ] backups2datalad.py Syncing asset /sub-mouse1-fni16/sub-mouse1-fni16_ses-170807171156.nwb
2020-10-09T16:34:23-0400 [WARNING ] backups2datalad.py Asset metadata does not include sha256 hash
2020-10-09T16:34:24-0400 [INFO    ] backups2datalad.py Asset in dataset, hash not available, and size is unchanged; will not update
2020-10-09T16:34:24-0400 [INFO    ] backups2datalad.py Syncing asset /sub-mouse1-fni16/sub-mouse1-fni16_ses-170807193348.nwb
2020-10-09T16:34:24-0400 [WARNING ] backups2datalad.py Asset metadata does not include sha256 hash
2020-10-09T16:34:24-0400 [INFO    ] backups2datalad.py Asset in dataset, hash not available, and size is unchanged; will not update
2020-10-09T16:34:24-0400 [INFO    ] backups2datalad.py Syncing asset /sub-mouse1-fni16/sub-mouse1-fni16_ses-170807204746.nwb
2020-10-09T16:34:24-0400 [WARNING ] backups2datalad.py Asset metadata does not include sha256 hash
2020-10-09T16:34:24-0400 [INFO    ] backups2datalad.py Asset in dataset, hash not available, and size is unchanged; will not update
2020-10-09T16:34:24-0400 [INFO    ] backups2datalad.py Syncing asset /sub-mouse1-fni16/sub-mouse1-fni16_ses-170808002053.nwb
2020-10-09T16:34:24-0400 [WARNING ] backups2datalad.py Asset metadata does not include sha256 hash
2020-10-09T16:34:24-0400 [INFO    ] backups2datalad.py Asset in dataset, hash not available, and size is unchanged; will not update
2020-10-09T16:34:24-0400 [INFO    ] backups2datalad.py Syncing asset /sub-mouse1-fni16/sub-mouse1-fni16_ses-170808180842.nwb
2020-10-09T16:34:24-0400 [WARNING ] backups2datalad.py Asset metadata does not include sha256 hash
2020-10-09T16:34:25-0400 [INFO    ] backups2datalad.py Asset in dataset, hash not available, and size is unchanged; will not update
2020-10-09T16:34:25-0400 [INFO    ] backups2datalad.py Syncing asset /sub-mouse1-fni16/sub-mouse1-fni16_ses-170808184141.nwb
2020-10-09T16:34:25-0400 [WARNING ] backups2datalad.py Asset metadata does not include sha256 hash
2020-10-09T16:34:25-0400 [INFO    ] backups2datalad.py Asset in dataset, hash not available, and size is unchanged; will not update
2020-10-09T16:34:25-0400 [INFO    ] backups2datalad.py Syncing asset /sub-mouse1-fni16/sub-mouse1-fni16_ses-170808185044.nwb
2020-10-09T16:34:25-0400 [WARNING ] backups2datalad.py Asset metadata does not include sha256 hash
2020-10-09T16:34:25-0400 [INFO    ] backups2datalad.py Asset in dataset, hash not available, and size is unchanged; will not update
2020-10-09T16:34:25-0400 [INFO    ] backups2datalad.py Syncing asset /sub-mouse1-fni16/sub-mouse1-fni16_ses-170808190057.nwb
2020-10-09T16:34:25-0400 [WARNING ] backups2datalad.py Asset metadata does not include sha256 hash
2020-10-09T16:34:26-0400 [INFO    ] backups2datalad.py Asset in dataset, hash not available, and size is unchanged; will not update
2020-10-09T16:34:26-0400 [INFO    ] backups2datalad.py Syncing asset /sub-mouse1-fni16/sub-mouse1-fni16_ses-170809073123.nwb
2020-10-09T16:34:26-0400 [WARNING ] backups2datalad.py Asset metadata does not include sha256 hash
2020-10-09T16:34:26-0400 [INFO    ] backups2datalad.py Asset in dataset, hash not available, and size is unchanged; will not update
2020-10-09T16:34:26-0400 [INFO    ] backups2datalad.py Syncing asset /sub-mouse1-fni16/sub-mouse1-fni16_ses-170809075033.nwb
2020-10-09T16:34:26-0400 [WARNING ] backups2datalad.py Asset metadata does not include sha256 hash
2020-10-09T16:34:26-0400 [INFO    ] backups2datalad.py Asset in dataset, hash not available, and size is unchanged; will not update
2020-10-09T16:34:26-0400 [INFO    ] backups2datalad.py Syncing asset /sub-mouse1-fni16/sub-mouse1-fni16_ses-170814191401.nwb
2020-10-09T16:34:26-0400 [WARNING ] backups2datalad.py Asset metadata does not include sha256 hash
2020-10-09T16:34:27-0400 [INFO    ] backups2datalad.py Asset in dataset, hash not available, and size is unchanged; will not update
2020-10-09T16:34:27-0400 [INFO    ] backups2datalad.py Syncing asset /sub-mouse1-fni16/sub-mouse1-fni16_ses-170815163235.nwb
2020-10-09T16:34:27-0400 [WARNING ] backups2datalad.py Asset metadata does not include sha256 hash
2020-10-09T16:34:27-0400 [INFO    ] backups2datalad.py Asset in dataset, hash not available, and size is unchanged; will not update
2020-10-09T16:34:27-0400 [INFO    ] backups2datalad.py Syncing asset /sub-mouse2-fni17/sub-mouse2-fni17_ses-161004115936.nwb
2020-10-09T16:34:27-0400 [WARNING ] backups2datalad.py Asset metadata does not include sha256 hash
2020-10-09T16:34:27-0400 [INFO    ] backups2datalad.py Asset in dataset, hash not available, and size is unchanged; will not update
2020-10-09T16:34:27-0400 [INFO    ] backups2datalad.py Syncing asset /sub-mouse2-fni17/sub-mouse2-fni17_ses-161005142715.nwb
2020-10-09T16:34:27-0400 [WARNING ] backups2datalad.py Asset metadata does not include sha256 hash
2020-10-09T16:34:28-0400 [INFO    ] backups2datalad.py Asset in dataset, hash not available, and size is unchanged; will not update
2020-10-09T16:34:28-0400 [INFO    ] backups2datalad.py Syncing asset /sub-mouse2-fni17/sub-mouse2-fni17_ses-161006004221.nwb
2020-10-09T16:34:28-0400 [WARNING ] backups2datalad.py Asset metadata does not include sha256 hash
2020-10-09T16:34:28-0400 [INFO    ] backups2datalad.py Asset in dataset, hash not available, and size is unchanged; will not update
2020-10-09T16:34:28-0400 [INFO    ] backups2datalad.py Syncing asset /sub-mouse2-fni17/sub-mouse2-fni17_ses-161006013624.nwb
2020-10-09T16:34:28-0400 [WARNING ] backups2datalad.py Asset metadata does not include sha256 hash
2020-10-09T16:34:28-0400 [INFO    ] backups2datalad.py Asset in dataset, hash not available, and size is unchanged; will not update
2020-10-09T16:34:28-0400 [INFO    ] backups2datalad.py Syncing asset /sub-mouse2-fni17/sub-mouse2-fni17_ses-161006123957.nwb
2020-10-09T16:34:28-0400 [WARNING ] backups2datalad.py Asset metadata does not include sha256 hash
2020-10-09T16:34:29-0400 [INFO    ] backups2datalad.py Asset in dataset, hash not available, and size is unchanged; will not update
2020-10-09T16:34:29-0400 [INFO    ] backups2datalad.py Syncing asset /sub-mouse2-fni17/sub-mouse2-fni17_ses-161014175614.nwb
2020-10-09T16:34:29-0400 [WARNING ] backups2datalad.py Asset metadata does not include sha256 hash
2020-10-09T16:34:29-0400 [INFO    ] backups2datalad.py Asset in dataset, hash not available, and size is unchanged; will not update
2020-10-09T16:34:29-0400 [INFO    ] backups2datalad.py Syncing asset /sub-mouse2-fni17/sub-mouse2-fni17_ses-161017110000.nwb
2020-10-09T16:34:29-0400 [WARNING ] backups2datalad.py Asset metadata does not include sha256 hash
2020-10-09T16:34:29-0400 [INFO    ] backups2datalad.py Asset in dataset, hash not available, and size is unchanged; will not update
2020-10-09T16:34:29-0400 [INFO    ] backups2datalad.py Syncing asset /sub-mouse2-fni17/sub-mouse2-fni17_ses-161017150220.nwb
2020-10-09T16:34:29-0400 [WARNING ] backups2datalad.py Asset metadata does not include sha256 hash
2020-10-09T16:34:29-0400 [INFO    ] backups2datalad.py Asset in dataset, hash not available, and size is unchanged; will not update
2020-10-09T16:34:29-0400 [INFO    ] backups2datalad.py Syncing asset /sub-mouse2-fni17/sub-mouse2-fni17_ses-161018212718.nwb
2020-10-09T16:34:29-0400 [WARNING ] backups2datalad.py Asset metadata does not include sha256 hash
2020-10-09T16:34:30-0400 [INFO    ] backups2datalad.py Asset in dataset, hash not available, and size is unchanged; will not update
2020-10-09T16:34:30-0400 [INFO    ] backups2datalad.py Syncing asset /sub-mouse2-fni17/sub-mouse2-fni17_ses-161020201712.nwb
2020-10-09T16:34:30-0400 [WARNING ] backups2datalad.py Asset metadata does not include sha256 hash
2020-10-09T16:34:30-0400 [INFO    ] backups2datalad.py Asset in dataset, hash not available, and size is unchanged; will not update
2020-10-09T16:34:30-0400 [INFO    ] backups2datalad.py Syncing asset /sub-mouse2-fni17/sub-mouse2-fni17_ses-161020225222.nwb
2020-10-09T16:34:30-0400 [WARNING ] backups2datalad.py Asset metadata does not include sha256 hash
2020-10-09T16:34:30-0400 [INFO    ] backups2datalad.py Asset in dataset, hash not available, and size is unchanged; will not update
2020-10-09T16:34:30-0400 [INFO    ] backups2datalad.py Syncing asset /sub-mouse2-fni17/sub-mouse2-fni17_ses-161021154326.nwb
2020-10-09T16:34:30-0400 [WARNING ] backups2datalad.py Asset metadata does not include sha256 hash
2020-10-09T16:34:31-0400 [INFO    ] backups2datalad.py Asset in dataset, hash not available, and size is unchanged; will not update
2020-10-09T16:34:31-0400 [INFO    ] backups2datalad.py Syncing asset /sub-mouse2-fni17/sub-mouse2-fni17_ses-161023232915.nwb
2020-10-09T16:34:31-0400 [WARNING ] backups2datalad.py Asset metadata does not include sha256 hash
2020-10-09T16:34:31-0400 [INFO    ] backups2datalad.py Asset in dataset, hash not available, and size is unchanged; will not update
2020-10-09T16:34:31-0400 [INFO    ] backups2datalad.py Syncing asset /sub-mouse2-fni17/sub-mouse2-fni17_ses-161024104004.nwb
2020-10-09T16:34:31-0400 [WARNING ] backups2datalad.py Asset metadata does not include sha256 hash
2020-10-09T16:34:31-0400 [INFO    ] backups2datalad.py Asset in dataset, hash not available, and size is unchanged; will not update
2020-10-09T16:34:31-0400 [INFO    ] backups2datalad.py Syncing asset /sub-mouse2-fni17/sub-mouse2-fni17_ses-161024145847.nwb
2020-10-09T16:34:31-0400 [WARNING ] backups2datalad.py Asset metadata does not include sha256 hash
2020-10-09T16:34:32-0400 [INFO    ] backups2datalad.py Asset in dataset, hash not available, and size is unchanged; will not update
2020-10-09T16:34:32-0400 [INFO    ] backups2datalad.py Syncing asset /sub-mouse2-fni17/sub-mouse2-fni17_ses-161024160612.nwb
2020-10-09T16:34:32-0400 [WARNING ] backups2datalad.py Asset metadata does not include sha256 hash
2020-10-09T16:34:32-0400 [INFO    ] backups2datalad.py Asset in dataset, hash not available, and size is unchanged; will not update
2020-10-09T16:34:32-0400 [INFO    ] backups2datalad.py Syncing asset /sub-mouse2-fni17/sub-mouse2-fni17_ses-161024161316.nwb
2020-10-09T16:34:32-0400 [WARNING ] backups2datalad.py Asset metadata does not include sha256 hash
2020-10-09T16:34:32-0400 [INFO    ] backups2datalad.py Asset in dataset, hash not available, and size is unchanged; will not update
2020-10-09T16:34:32-0400 [INFO    ] backups2datalad.py Syncing asset /sub-mouse2-fni17/sub-mouse2-fni17_ses-161025114743.nwb
2020-10-09T16:34:32-0400 [WARNING ] backups2datalad.py Asset metadata does not include sha256 hash
2020-10-09T16:34:33-0400 [INFO    ] backups2datalad.py Asset in dataset, hash not available, and size is unchanged; will not update
2020-10-09T16:34:33-0400 [INFO    ] backups2datalad.py Syncing asset /sub-mouse2-fni17/sub-mouse2-fni17_ses-161025120641.nwb
2020-10-09T16:34:33-0400 [WARNING ] backups2datalad.py Asset metadata does not include sha256 hash
2020-10-09T16:34:33-0400 [INFO    ] backups2datalad.py Asset in dataset, hash not available, and size is unchanged; will not update
2020-10-09T16:34:33-0400 [INFO    ] backups2datalad.py Syncing asset /sub-mouse2-fni17/sub-mouse2-fni17_ses-161026020048.nwb
2020-10-09T16:34:33-0400 [WARNING ] backups2datalad.py Asset metadata does not include sha256 hash
2020-10-09T16:34:33-0400 [INFO    ] backups2datalad.py Asset in dataset, hash not available, and size is unchanged; will not update
2020-10-09T16:34:33-0400 [INFO    ] backups2datalad.py Syncing asset /sub-mouse2-fni17/sub-mouse2-fni17_ses-170716103907.nwb
2020-10-09T16:34:33-0400 [WARNING ] backups2datalad.py Asset metadata does not include sha256 hash
2020-10-09T16:34:34-0400 [INFO    ] backups2datalad.py Asset in dataset, hash not available, and size is unchanged; will not update
2020-10-09T16:34:34-0400 [INFO    ] backups2datalad.py Syncing asset /sub-mouse2-fni17/sub-mouse2-fni17_ses-170716110907.nwb
2020-10-09T16:34:34-0400 [WARNING ] backups2datalad.py Asset metadata does not include sha256 hash
2020-10-09T16:34:34-0400 [INFO    ] backups2datalad.py Asset in dataset, hash not available, and size is unchanged; will not update
2020-10-09T16:34:34-0400 [INFO    ] backups2datalad.py Syncing asset /sub-mouse2-fni17/sub-mouse2-fni17_ses-170717113851.nwb
2020-10-09T16:34:34-0400 [WARNING ] backups2datalad.py Asset metadata does not include sha256 hash
2020-10-09T16:34:34-0400 [INFO    ] backups2datalad.py Asset in dataset, hash not available, and size is unchanged; will not update
2020-10-09T16:34:34-0400 [INFO    ] backups2datalad.py Syncing asset /sub-mouse2-fni17/sub-mouse2-fni17_ses-170717114250.nwb
2020-10-09T16:34:34-0400 [WARNING ] backups2datalad.py Asset metadata does not include sha256 hash
2020-10-09T16:34:34-0400 [INFO    ] backups2datalad.py Asset in dataset, hash not available, and size is unchanged; will not update
2020-10-09T16:34:34-0400 [INFO    ] backups2datalad.py Syncing asset /sub-mouse2-fni17/sub-mouse2-fni17_ses-170718045820.nwb
2020-10-09T16:34:34-0400 [WARNING ] backups2datalad.py Asset metadata does not include sha256 hash
2020-10-09T16:34:35-0400 [INFO    ] backups2datalad.py Asset in dataset, hash not available, and size is unchanged; will not update
2020-10-09T16:34:35-0400 [INFO    ] backups2datalad.py Syncing asset /sub-mouse2-fni17/sub-mouse2-fni17_ses-170718092812.nwb
2020-10-09T16:34:35-0400 [WARNING ] backups2datalad.py Asset metadata does not include sha256 hash
2020-10-09T16:34:35-0400 [INFO    ] backups2datalad.py Asset in dataset, hash not available, and size is unchanged; will not update
2020-10-09T16:34:35-0400 [INFO    ] backups2datalad.py Syncing asset /sub-mouse2-fni17/sub-mouse2-fni17_ses-170718094105.nwb
2020-10-09T16:34:35-0400 [WARNING ] backups2datalad.py Asset metadata does not include sha256 hash
2020-10-09T16:34:35-0400 [INFO    ] backups2datalad.py Asset in dataset, hash not available, and size is unchanged; will not update
2020-10-09T16:34:35-0400 [INFO    ] backups2datalad.py Syncing asset /sub-mouse2-fni17/sub-mouse2-fni17_ses-170718094544.nwb
2020-10-09T16:34:35-0400 [WARNING ] backups2datalad.py Asset metadata does not include sha256 hash
2020-10-09T16:34:36-0400 [INFO    ] backups2datalad.py Asset in dataset, hash not available, and size is unchanged; will not update
2020-10-09T16:34:36-0400 [INFO    ] backups2datalad.py Syncing asset /sub-mouse2-fni17/sub-mouse2-fni17_ses-170718165559.nwb
2020-10-09T16:34:36-0400 [WARNING ] backups2datalad.py Asset metadata does not include sha256 hash
2020-10-09T16:34:36-0400 [INFO    ] backups2datalad.py Asset in dataset, hash not available, and size is unchanged; will not update
2020-10-09T16:34:36-0400 [INFO    ] backups2datalad.py Syncing asset /sub-mouse2-fni17/sub-mouse2-fni17_ses-170719024122.nwb
2020-10-09T16:34:36-0400 [WARNING ] backups2datalad.py Asset metadata does not include sha256 hash
2020-10-09T16:34:36-0400 [INFO    ] backups2datalad.py Asset in dataset, hash not available, and size is unchanged; will not update
2020-10-09T16:34:36-0400 [INFO    ] backups2datalad.py Syncing asset /sub-mouse2-fni17/sub-mouse2-fni17_ses-170719032219.nwb
2020-10-09T16:34:36-0400 [WARNING ] backups2datalad.py Asset metadata does not include sha256 hash
2020-10-09T16:34:37-0400 [INFO    ] backups2datalad.py Asset in dataset, hash not available, and size is unchanged; will not update
2020-10-09T16:34:37-0400 [INFO    ] backups2datalad.py Syncing asset /sub-mouse2-fni17/sub-mouse2-fni17_ses-170719042834.nwb
2020-10-09T16:34:37-0400 [WARNING ] backups2datalad.py Asset metadata does not include sha256 hash
2020-10-09T16:34:37-0400 [INFO    ] backups2datalad.py Asset in dataset, hash not available, and size is unchanged; will not update
2020-10-09T16:34:37-0400 [INFO    ] backups2datalad.py Syncing asset /sub-mouse2-fni17/sub-mouse2-fni17_ses-170719121454.nwb
2020-10-09T16:34:37-0400 [WARNING ] backups2datalad.py Asset metadata does not include sha256 hash
2020-10-09T16:34:37-0400 [INFO    ] backups2datalad.py Asset in dataset, hash not available, and size is unchanged; will not update
2020-10-09T16:34:37-0400 [INFO    ] backups2datalad.py Syncing asset /sub-mouse2-fni17/sub-mouse2-fni17_ses-170719122404.nwb
2020-10-09T16:34:37-0400 [WARNING ] backups2datalad.py Asset metadata does not include sha256 hash
2020-10-09T16:34:38-0400 [INFO    ] backups2datalad.py Asset in dataset, hash not available, and size is unchanged; will not update
2020-10-09T16:34:38-0400 [INFO    ] backups2datalad.py Syncing asset /sub-mouse2-fni17/sub-mouse2-fni17_ses-170719122637.nwb
2020-10-09T16:34:38-0400 [WARNING ] backups2datalad.py Asset metadata does not include sha256 hash
2020-10-09T16:34:38-0400 [INFO    ] backups2datalad.py Asset in dataset, hash not available, and size is unchanged; will not update
2020-10-09T16:34:38-0400 [INFO    ] backups2datalad.py Syncing asset /sub-mouse2-fni17/sub-mouse2-fni17_ses-170719124221.nwb
2020-10-09T16:34:38-0400 [WARNING ] backups2datalad.py Asset metadata does not include sha256 hash
2020-10-09T16:34:39-0400 [INFO    ] backups2datalad.py Asset in dataset, hash not available, and size is unchanged; will not update
2020-10-09T16:34:39-0400 [INFO    ] backups2datalad.py Syncing asset /sub-mouse2-fni17/sub-mouse2-fni17_ses-170722172014.nwb
2020-10-09T16:34:39-0400 [WARNING ] backups2datalad.py Asset metadata does not include sha256 hash
2020-10-09T16:34:39-0400 [INFO    ] backups2datalad.py Asset in dataset, hash not available, and size is unchanged; will not update
2020-10-09T16:34:39-0400 [INFO    ] backups2datalad.py Syncing asset /sub-mouse2-fni17/sub-mouse2-fni17_ses-170722172640.nwb
2020-10-09T16:34:39-0400 [WARNING ] backups2datalad.py Asset metadata does not include sha256 hash
2020-10-09T16:34:39-0400 [INFO    ] backups2datalad.py Asset in dataset, hash not available, and size is unchanged; will not update
2020-10-09T16:34:39-0400 [INFO    ] backups2datalad.py Syncing asset /sub-mouse2-fni17/sub-mouse2-fni17_ses-170722174853.nwb
2020-10-09T16:34:39-0400 [WARNING ] backups2datalad.py Asset metadata does not include sha256 hash
2020-10-09T16:34:40-0400 [INFO    ] backups2datalad.py Asset in dataset, hash not available, and size is unchanged; will not update
2020-10-09T16:34:40-0400 [INFO    ] backups2datalad.py Syncing asset /sub-mouse2-fni17/sub-mouse2-fni17_ses-170722211822.nwb
2020-10-09T16:34:40-0400 [WARNING ] backups2datalad.py Asset metadata does not include sha256 hash
2020-10-09T16:34:40-0400 [INFO    ] backups2datalad.py Asset in dataset, hash not available, and size is unchanged; will not update
2020-10-09T16:34:40-0400 [INFO    ] backups2datalad.py Syncing asset /sub-mouse2-fni17/sub-mouse2-fni17_ses-170723060120.nwb
2020-10-09T16:34:40-0400 [WARNING ] backups2datalad.py Asset metadata does not include sha256 hash
2020-10-09T16:34:40-0400 [INFO    ] backups2datalad.py Asset in dataset, hash not available, and size is unchanged; will not update
2020-10-09T16:34:40-0400 [INFO    ] backups2datalad.py Syncing asset /sub-mouse2-fni17/sub-mouse2-fni17_ses-170723064341.nwb
2020-10-09T16:34:40-0400 [WARNING ] backups2datalad.py Asset metadata does not include sha256 hash
2020-10-09T16:34:41-0400 [INFO    ] backups2datalad.py Asset in dataset, hash not available, and size is unchanged; will not update
2020-10-09T16:34:41-0400 [INFO    ] backups2datalad.py Syncing asset /sub-mouse2-fni17/sub-mouse2-fni17_ses-170723153322.nwb
2020-10-09T16:34:41-0400 [WARNING ] backups2datalad.py Asset metadata does not include sha256 hash
2020-10-09T16:34:41-0400 [INFO    ] backups2datalad.py Asset in dataset, hash not available, and size is unchanged; will not update
2020-10-09T16:34:41-0400 [INFO    ] backups2datalad.py Syncing asset /sub-mouse2-fni17/sub-mouse2-fni17_ses-170723205806.nwb
2020-10-09T16:34:41-0400 [WARNING ] backups2datalad.py Asset metadata does not include sha256 hash
2020-10-09T16:34:42-0400 [INFO    ] backups2datalad.py Asset in dataset, hash not available, and size is unchanged; will not update
2020-10-09T16:34:42-0400 [INFO    ] backups2datalad.py Syncing asset /sub-mouse2-fni17/sub-mouse2-fni17_ses-170724051215.nwb
2020-10-09T16:34:42-0400 [WARNING ] backups2datalad.py Asset metadata does not include sha256 hash
2020-10-09T16:34:42-0400 [INFO    ] backups2datalad.py Asset in dataset, hash not available, and size is unchanged; will not update
2020-10-09T16:34:42-0400 [INFO    ] backups2datalad.py Syncing asset /sub-mouse2-fni17/sub-mouse2-fni17_ses-170725043726.nwb
2020-10-09T16:34:42-0400 [WARNING ] backups2datalad.py Asset metadata does not include sha256 hash
2020-10-09T16:34:43-0400 [INFO    ] backups2datalad.py Asset in dataset, hash not available, and size is unchanged; will not update
2020-10-09T16:34:43-0400 [INFO    ] backups2datalad.py Syncing asset /sub-mouse2-fni17/sub-mouse2-fni17_ses-170822014200.nwb
2020-10-09T16:34:43-0400 [WARNING ] backups2datalad.py Asset metadata does not include sha256 hash
2020-10-09T16:34:43-0400 [INFO    ] backups2datalad.py Asset in dataset, hash not available, and size is unchanged; will not update
2020-10-09T16:34:43-0400 [INFO    ] backups2datalad.py Syncing asset /sub-mouse2-fni17/sub-mouse2-fni17_ses-170822144835.nwb
2020-10-09T16:34:43-0400 [WARNING ] backups2datalad.py Asset metadata does not include sha256 hash
2020-10-09T16:34:43-0400 [INFO    ] backups2datalad.py Asset in dataset, hash not available, and size is unchanged; will not update
2020-10-09T16:34:43-0400 [INFO    ] backups2datalad.py Syncing asset /sub-mouse3-fni18/sub-mouse3-fni18_ses-170501121720.nwb
2020-10-09T16:34:43-0400 [WARNING ] backups2datalad.py Asset metadata does not include sha256 hash
2020-10-09T16:34:44-0400 [INFO    ] backups2datalad.py Asset in dataset, hash not available, and size is unchanged; will not update
2020-10-09T16:34:44-0400 [INFO    ] backups2datalad.py Syncing asset /sub-mouse3-fni18/sub-mouse3-fni18_ses-170502144848.nwb
2020-10-09T16:34:44-0400 [WARNING ] backups2datalad.py Asset metadata does not include sha256 hash
2020-10-09T16:34:44-0400 [INFO    ] backups2datalad.py Asset in dataset, hash not available, and size is unchanged; will not update
2020-10-09T16:34:44-0400 [INFO    ] backups2datalad.py Syncing asset /sub-mouse3-fni18/sub-mouse3-fni18_ses-170503152245.nwb
2020-10-09T16:34:44-0400 [WARNING ] backups2datalad.py Asset metadata does not include sha256 hash
2020-10-09T16:34:44-0400 [INFO    ] backups2datalad.py Asset in dataset, hash not available, and size is unchanged; will not update
2020-10-09T16:34:44-0400 [INFO    ] backups2datalad.py Syncing asset /sub-mouse3-fni18/sub-mouse3-fni18_ses-170503182723.nwb
2020-10-09T16:34:44-0400 [WARNING ] backups2datalad.py Asset metadata does not include sha256 hash
2020-10-09T16:34:45-0400 [INFO    ] backups2datalad.py Asset in dataset, hash not available, and size is unchanged; will not update
2020-10-09T16:34:45-0400 [INFO    ] backups2datalad.py Syncing asset /sub-mouse3-fni18/sub-mouse3-fni18_ses-170503184117.nwb
2020-10-09T16:34:45-0400 [WARNING ] backups2datalad.py Asset metadata does not include sha256 hash
2020-10-09T16:34:45-0400 [INFO    ] backups2datalad.py Asset in dataset, hash not available, and size is unchanged; will not update
2020-10-09T16:34:45-0400 [INFO    ] backups2datalad.py Syncing asset /sub-mouse3-fni18/sub-mouse3-fni18_ses-170505175803.nwb
2020-10-09T16:34:45-0400 [WARNING ] backups2datalad.py Asset metadata does not include sha256 hash
2020-10-09T16:34:45-0400 [INFO    ] backups2datalad.py Asset in dataset, hash not available, and size is unchanged; will not update
2020-10-09T16:34:45-0400 [INFO    ] backups2datalad.py Syncing asset /sub-mouse3-fni18/sub-mouse3-fni18_ses-170506210042.nwb
2020-10-09T16:34:45-0400 [WARNING ] backups2datalad.py Asset metadata does not include sha256 hash
2020-10-09T16:34:46-0400 [INFO    ] backups2datalad.py Asset in dataset, hash not available, and size is unchanged; will not update
2020-10-09T16:34:46-0400 [INFO    ] backups2datalad.py Syncing asset /sub-mouse4-fni19/sub-mouse4-fni19_ses-170427220211.nwb
2020-10-09T16:34:46-0400 [WARNING ] backups2datalad.py Asset metadata does not include sha256 hash
2020-10-09T16:34:46-0400 [INFO    ] backups2datalad.py Asset in dataset, hash not available, and size is unchanged; will not update
2020-10-09T16:34:46-0400 [INFO    ] backups2datalad.py Syncing asset /sub-mouse4-fni19/sub-mouse4-fni19_ses-170620224844.nwb
2020-10-09T16:34:46-0400 [WARNING ] backups2datalad.py Asset metadata does not include sha256 hash
2020-10-09T16:34:46-0400 [INFO    ] backups2datalad.py Asset in dataset, hash not available, and size is unchanged; will not update
2020-10-09T16:34:46-0400 [INFO    ] backups2datalad.py Syncing asset /sub-mouse4-fni19/sub-mouse4-fni19_ses-170621013256.nwb
2020-10-09T16:34:46-0400 [WARNING ] backups2datalad.py Asset metadata does not include sha256 hash
2020-10-09T16:34:46-0400 [INFO    ] backups2datalad.py Asset in dataset, hash not available, and size is unchanged; will not update
2020-10-09T16:34:46-0400 [INFO    ] backups2datalad.py Syncing asset /sub-mouse4-fni19/sub-mouse4-fni19_ses-170621015721.nwb
2020-10-09T16:34:46-0400 [WARNING ] backups2datalad.py Asset metadata does not include sha256 hash
2020-10-09T16:34:47-0400 [INFO    ] backups2datalad.py Asset in dataset, hash not available, and size is unchanged; will not update
2020-10-09T16:34:47-0400 [INFO    ] backups2datalad.py Syncing asset /sub-mouse4-fni19/sub-mouse4-fni19_ses-170621050530.nwb
2020-10-09T16:34:47-0400 [WARNING ] backups2datalad.py Asset metadata does not include sha256 hash
2020-10-09T16:34:47-0400 [INFO    ] backups2datalad.py Asset in dataset, hash not available, and size is unchanged; will not update
2020-10-09T16:34:47-0400 [INFO    ] backups2datalad.py Syncing asset /sub-mouse4-fni19/sub-mouse4-fni19_ses-170621055447.nwb
2020-10-09T16:34:47-0400 [WARNING ] backups2datalad.py Asset metadata does not include sha256 hash
2020-10-09T16:34:47-0400 [INFO    ] backups2datalad.py Asset in dataset, hash not available, and size is unchanged; will not update
2020-10-09T16:34:47-0400 [INFO    ] backups2datalad.py Syncing asset /sub-mouse4-fni19/sub-mouse4-fni19_ses-170621104754.nwb
2020-10-09T16:34:47-0400 [WARNING ] backups2datalad.py Asset metadata does not include sha256 hash
2020-10-09T16:34:48-0400 [INFO    ] backups2datalad.py Asset in dataset, hash not available, and size is unchanged; will not update
2020-10-09T16:34:48-0400 [INFO    ] backups2datalad.py Syncing asset /sub-mouse4-fni19/sub-mouse4-fni19_ses-170621113304.nwb
2020-10-09T16:34:48-0400 [WARNING ] backups2datalad.py Asset metadata does not include sha256 hash
2020-10-09T16:34:48-0400 [INFO    ] backups2datalad.py Asset in dataset, hash not available, and size is unchanged; will not update
2020-10-09T16:34:48-0400 [INFO    ] backups2datalad.py Syncing asset /sub-mouse4-fni19/sub-mouse4-fni19_ses-170622104804.nwb
2020-10-09T16:34:48-0400 [WARNING ] backups2datalad.py Asset metadata does not include sha256 hash
2020-10-09T16:34:48-0400 [INFO    ] backups2datalad.py Asset in dataset, hash not available, and size is unchanged; will not update
2020-10-09T16:34:48-0400 [INFO    ] backups2datalad.py Syncing asset /sub-mouse4-fni19/sub-mouse4-fni19_ses-170622202446.nwb
2020-10-09T16:34:48-0400 [WARNING ] backups2datalad.py Asset metadata does not include sha256 hash
2020-10-09T16:34:49-0400 [INFO    ] backups2datalad.py Asset in dataset, hash not available, and size is unchanged; will not update
2020-10-09T16:34:49-0400 [INFO    ] backups2datalad.py Syncing asset /sub-mouse4-fni19/sub-mouse4-fni19_ses-170622232029.nwb
2020-10-09T16:34:49-0400 [WARNING ] backups2datalad.py Asset metadata does not include sha256 hash
2020-10-09T16:34:49-0400 [INFO    ] backups2datalad.py Asset in dataset, hash not available, and size is unchanged; will not update
2020-10-09T16:34:49-0400 [INFO    ] backups2datalad.py Syncing asset /sub-mouse4-fni19/sub-mouse4-fni19_ses-170623103709.nwb
2020-10-09T16:34:49-0400 [WARNING ] backups2datalad.py Asset metadata does not include sha256 hash
2020-10-09T16:34:49-0400 [INFO    ] backups2datalad.py Asset in dataset, hash not available, and size is unchanged; will not update
2020-10-09T16:34:49-0400 [INFO    ] backups2datalad.py Syncing asset /sub-mouse4-fni19/sub-mouse4-fni19_ses-170625071730.nwb
2020-10-09T16:34:49-0400 [WARNING ] backups2datalad.py Asset metadata does not include sha256 hash
2020-10-09T16:34:50-0400 [INFO    ] backups2datalad.py Asset in dataset, hash not available, and size is unchanged; will not update
2020-10-09T16:34:50-0400 [INFO    ] backups2datalad.py Syncing asset /sub-mouse4-fni19/sub-mouse4-fni19_ses-170625140616.nwb
2020-10-09T16:34:50-0400 [WARNING ] backups2datalad.py Asset metadata does not include sha256 hash
2020-10-09T16:34:50-0400 [INFO    ] backups2datalad.py Asset in dataset, hash not available, and size is unchanged; will not update
2020-10-09T16:34:50-0400 [INFO    ] backups2datalad.py Syncing asset /sub-mouse4-fni19/sub-mouse4-fni19_ses-170625140624.nwb
2020-10-09T16:34:50-0400 [WARNING ] backups2datalad.py Asset metadata does not include sha256 hash
2020-10-09T16:34:50-0400 [INFO    ] backups2datalad.py Asset in dataset, hash not available, and size is unchanged; will not update
2020-10-09T16:34:50-0400 [INFO    ] backups2datalad.py Syncing asset /sub-mouse4-fni19/sub-mouse4-fni19_ses-170625141341.nwb
2020-10-09T16:34:50-0400 [WARNING ] backups2datalad.py Asset metadata does not include sha256 hash
2020-10-09T16:34:51-0400 [INFO    ] backups2datalad.py Asset in dataset, hash not available, and size is unchanged; will not update
2020-10-09T16:34:51-0400 [INFO    ] backups2datalad.py Syncing asset /sub-mouse4-fni19/sub-mouse4-fni19_ses-170625153103.nwb
2020-10-09T16:34:51-0400 [WARNING ] backups2datalad.py Asset metadata does not include sha256 hash
2020-10-09T16:34:51-0400 [INFO    ] backups2datalad.py Asset in dataset, hash not available, and size is unchanged; will not update
2020-10-09T16:34:51-0400 [INFO    ] backups2datalad.py Syncing asset /sub-mouse4-fni19/sub-mouse4-fni19_ses-170625153343.nwb
2020-10-09T16:34:51-0400 [WARNING ] backups2datalad.py Asset metadata does not include sha256 hash
2020-10-09T16:34:51-0400 [INFO    ] backups2datalad.py Asset in dataset, hash not available, and size is unchanged; will not update
2020-10-09T16:34:51-0400 [INFO    ] backups2datalad.py Syncing asset /sub-mouse4-fni19/sub-mouse4-fni19_ses-170625160521.nwb
2020-10-09T16:34:51-0400 [WARNING ] backups2datalad.py Asset metadata does not include sha256 hash
2020-10-09T16:34:52-0400 [INFO    ] backups2datalad.py Asset in dataset, hash not available, and size is unchanged; will not update
2020-10-09T16:34:52-0400 [INFO    ] backups2datalad.py Syncing asset /sub-mouse4-fni19/sub-mouse4-fni19_ses-170625163621.nwb
2020-10-09T16:34:52-0400 [WARNING ] backups2datalad.py Asset metadata does not include sha256 hash
2020-10-09T16:34:52-0400 [INFO    ] backups2datalad.py Asset in dataset, hash not available, and size is unchanged; will not update
2020-10-09T16:34:52-0400 [INFO    ] backups2datalad.py Syncing asset /sub-mouse4-fni19/sub-mouse4-fni19_ses-170625231642.nwb
2020-10-09T16:34:52-0400 [WARNING ] backups2datalad.py Asset metadata does not include sha256 hash
2020-10-09T16:34:52-0400 [INFO    ] backups2datalad.py Asset in dataset, hash not available, and size is unchanged; will not update
2020-10-09T16:34:52-0400 [INFO    ] backups2datalad.py Syncing asset /sub-mouse4-fni19/sub-mouse4-fni19_ses-170626102537.nwb
2020-10-09T16:34:52-0400 [WARNING ] backups2datalad.py Asset metadata does not include sha256 hash
2020-10-09T16:34:53-0400 [INFO    ] backups2datalad.py Asset in dataset, hash not available, and size is unchanged; will not update
2020-10-09T16:34:53-0400 [INFO    ] backups2datalad.py Syncing asset /sub-mouse4-fni19/sub-mouse4-fni19_ses-170628084013.nwb
2020-10-09T16:34:53-0400 [WARNING ] backups2datalad.py Asset metadata does not include sha256 hash
2020-10-09T16:34:53-0400 [INFO    ] backups2datalad.py Asset in dataset, hash not available, and size is unchanged; will not update
2020-10-09T16:34:53-0400 [INFO    ] backups2datalad.py Syncing asset /sub-mouse4-fni19/sub-mouse4-fni19_ses-170703034632.nwb
2020-10-09T16:34:53-0400 [WARNING ] backups2datalad.py Asset metadata does not include sha256 hash
2020-10-09T16:34:53-0400 [INFO    ] backups2datalad.py Asset in dataset, hash not available, and size is unchanged; will not update
2020-10-09T16:34:53-0400 [INFO    ] backups2datalad.py Syncing asset /sub-mouse4-fni19/sub-mouse4-fni19_ses-170703043500.nwb
2020-10-09T16:34:53-0400 [WARNING ] backups2datalad.py Asset metadata does not include sha256 hash
2020-10-09T16:34:53-0400 [INFO    ] backups2datalad.py Asset in dataset, hash not available, and size is unchanged; will not update
2020-10-09T16:34:53-0400 [INFO    ] backups2datalad.py Syncing asset /sub-mouse4-fni19/sub-mouse4-fni19_ses-170707064900.nwb
2020-10-09T16:34:53-0400 [WARNING ] backups2datalad.py Asset metadata does not include sha256 hash
2020-10-09T16:34:54-0400 [INFO    ] backups2datalad.py Asset in dataset, hash not available, and size is unchanged; will not update
2020-10-09T16:34:54-0400 [INFO    ] backups2datalad.py Syncing asset /sub-mouse4-fni19/sub-mouse4-fni19_ses-170708041635.nwb
2020-10-09T16:34:54-0400 [WARNING ] backups2datalad.py Asset metadata does not include sha256 hash
2020-10-09T16:34:54-0400 [INFO    ] backups2datalad.py Asset in dataset, hash not available, and size is unchanged; will not update
2020-10-09T16:34:54-0400 [INFO    ] backups2datalad.py Syncing asset /sub-mouse4-fni19/sub-mouse4-fni19_ses-170821173730.nwb
2020-10-09T16:34:54-0400 [WARNING ] backups2datalad.py Asset metadata does not include sha256 hash
2020-10-09T16:34:54-0400 [INFO    ] backups2datalad.py Asset in dataset, hash not available, and size is unchanged; will not update
2020-10-09T16:34:54-0400 [INFO    ] backups2datalad.py Syncing asset /sub-mouse4-fni19/sub-mouse4-fni19_ses-170822065253.nwb
2020-10-09T16:34:54-0400 [WARNING ] backups2datalad.py Asset metadata does not include sha256 hash
2020-10-09T16:34:55-0400 [INFO    ] backups2datalad.py Asset in dataset, hash not available, and size is unchanged; will not update
2020-10-09T16:34:55-0400 [INFO    ] backups2datalad.py Syncing asset /sub-mouse4-fni19/sub-mouse4-fni19_ses-170822065304.nwb
2020-10-09T16:34:55-0400 [WARNING ] backups2datalad.py Asset metadata does not include sha256 hash
2020-10-09T16:34:55-0400 [INFO    ] backups2datalad.py Asset in dataset, hash not available, and size is unchanged; will not update
2020-10-09T16:34:55-0400 [INFO    ] backups2datalad.py Syncing asset /sub-mouse4-fni19/sub-mouse4-fni19_ses-170822101015.nwb
2020-10-09T16:34:55-0400 [WARNING ] backups2datalad.py Asset metadata does not include sha256 hash
2020-10-09T16:34:55-0400 [INFO    ] backups2datalad.py Asset in dataset, hash not available, and size is unchanged; will not update
2020-10-09T16:34:55-0400 [INFO    ] backups2datalad.py Syncing asset /sub-mouse4-fni19/sub-mouse4-fni19_ses-170822111015.nwb
2020-10-09T16:34:55-0400 [WARNING ] backups2datalad.py Asset metadata does not include sha256 hash
2020-10-09T16:34:56-0400 [INFO    ] backups2datalad.py Asset in dataset, hash not available, and size is unchanged; will not update
2020-10-09T16:34:56-0400 [INFO    ] backups2datalad.py Syncing asset /sub-mouse4-fni19/sub-mouse4-fni19_ses-170822235434.nwb
2020-10-09T16:34:56-0400 [WARNING ] backups2datalad.py Asset metadata does not include sha256 hash
2020-10-09T16:34:56-0400 [INFO    ] backups2datalad.py Asset in dataset, hash not available, and size is unchanged; will not update
2020-10-09T16:34:56-0400 [INFO    ] backups2datalad.py Syncing asset /sub-mouse4-fni19/sub-mouse4-fni19_ses-170823024359.nwb
2020-10-09T16:34:56-0400 [WARNING ] backups2datalad.py Asset metadata does not include sha256 hash
2020-10-09T16:34:56-0400 [INFO    ] backups2datalad.py Asset in dataset, hash not available, and size is unchanged; will not update
2020-10-09T16:34:56-0400 [INFO    ] backups2datalad.py Syncing asset /sub-mouse4-fni19/sub-mouse4-fni19_ses-170823033544.nwb
2020-10-09T16:34:56-0400 [WARNING ] backups2datalad.py Asset metadata does not include sha256 hash
2020-10-09T16:34:57-0400 [INFO    ] backups2datalad.py Asset in dataset, hash not available, and size is unchanged; will not update
2020-10-09T16:34:57-0400 [INFO    ] backups2datalad.py Commiting changes
2020-10-09T16:34:57-0400 [INFO    ] backups2datalad.py Creating GitHub sibling for 000016
2020-10-09T16:34:57-0400 [INFO    ] backups2datalad.py Pushing to sibling
2020-10-09T16:34:57-0400 [INFO    ] datalad.core.distributed.push Determine push target
2020-10-09T16:34:57-0400 [INFO    ] datalad.core.distributed.push Push refspecs
2020-10-09T16:34:57-0400 [INFO    ] datalad.core.distributed.push Transfer data
2020-10-09T16:34:57-0400 [INFO    ] datalad.core.distributed.push Update availability information
2020-10-09T16:34:59-0400 [INFO    ] datalad.gitrepo Start enumerating objects
2020-10-09T16:34:59-0400 [INFO    ] datalad.gitrepo Finished enumerating objects
2020-10-09T16:34:59-0400 [INFO    ] datalad.gitrepo Start counting objects
2020-10-09T16:34:59-0400 [INFO    ] datalad.gitrepo Counting objects:   9% (1/11)
2020-10-09T16:34:59-0400 [INFO    ] datalad.gitrepo Counting objects:  18% (2/11)
2020-10-09T16:34:59-0400 [INFO    ] datalad.gitrepo Counting objects:  27% (3/11)
2020-10-09T16:34:59-0400 [INFO    ] datalad.gitrepo Counting objects:  36% (4/11)
2020-10-09T16:34:59-0400 [INFO    ] datalad.gitrepo Counting objects:  45% (5/11)
2020-10-09T16:34:59-0400 [INFO    ] datalad.gitrepo Counting objects:  54% (6/11)
2020-10-09T16:34:59-0400 [INFO    ] datalad.gitrepo Counting objects:  63% (7/11)
2020-10-09T16:34:59-0400 [INFO    ] datalad.gitrepo Counting objects:  72% (8/11)
2020-10-09T16:34:59-0400 [INFO    ] datalad.gitrepo Counting objects:  81% (9/11)
2020-10-09T16:34:59-0400 [INFO    ] datalad.gitrepo Counting objects:  90% (10/11)
2020-10-09T16:34:59-0400 [INFO    ] datalad.gitrepo Counting objects: 100% (11/11)
2020-10-09T16:34:59-0400 [INFO    ] datalad.gitrepo Counting objects: 100% (11/11), done.
2020-10-09T16:34:59-0400 [INFO    ] datalad.gitrepo Finished counting objects
2020-10-09T16:34:59-0400 [INFO    ] datalad.gitrepo Start compressing objects
2020-10-09T16:34:59-0400 [INFO    ] datalad.gitrepo Compressing objects:  14% (1/7)
2020-10-09T16:34:59-0400 [INFO    ] datalad.gitrepo Compressing objects:  28% (2/7)
2020-10-09T16:34:59-0400 [INFO    ] datalad.gitrepo Compressing objects:  42% (3/7)
2020-10-09T16:34:59-0400 [INFO    ] datalad.gitrepo Compressing objects:  57% (4/7)
2020-10-09T16:34:59-0400 [INFO    ] datalad.gitrepo Compressing objects:  71% (5/7)
2020-10-09T16:34:59-0400 [INFO    ] datalad.gitrepo Compressing objects:  85% (6/7)
2020-10-09T16:34:59-0400 [INFO    ] datalad.gitrepo Compressing objects: 100% (7/7)
2020-10-09T16:34:59-0400 [INFO    ] datalad.gitrepo Compressing objects: 100% (7/7), done.
2020-10-09T16:34:59-0400 [INFO    ] datalad.gitrepo Finished compressing objects
2020-10-09T16:34:59-0400 [INFO    ] datalad.gitrepo Start writing objects
2020-10-09T16:34:59-0400 [INFO    ] datalad.gitrepo Writing objects:  14% (1/7)
2020-10-09T16:34:59-0400 [INFO    ] datalad.gitrepo Writing objects:  28% (2/7)
2020-10-09T16:34:59-0400 [INFO    ] datalad.gitrepo Writing objects:  42% (3/7)
2020-10-09T16:34:59-0400 [INFO    ] datalad.gitrepo Writing objects:  57% (4/7)
2020-10-09T16:34:59-0400 [INFO    ] datalad.gitrepo Writing objects:  71% (5/7)
2020-10-09T16:34:59-0400 [INFO    ] datalad.gitrepo Writing objects:  85% (6/7)
2020-10-09T16:34:59-0400 [INFO    ] datalad.gitrepo Writing objects: 100% (7/7)
2020-10-09T16:34:59-0400 [INFO    ] datalad.gitrepo Writing objects: 100% (7/7), 3.18 KiB | 1.06 MiB/s, done.
2020-10-09T16:34:59-0400 [INFO    ] datalad.gitrepo Finished writing objects
2020-10-09T16:34:59-0400 [INFO    ] datalad.gitrepo Start resolving deltas
2020-10-09T16:34:59-0400 [INFO    ] datalad.gitrepo remote: Resolving deltas:   0% (0/3)
2020-10-09T16:34:59-0400 [INFO    ] datalad.gitrepo remote: Resolving deltas:  33% (1/3)
2020-10-09T16:34:59-0400 [INFO    ] datalad.gitrepo remote: Resolving deltas: 100% (3/3)
2020-10-09T16:34:59-0400 [INFO    ] datalad.gitrepo remote: Resolving deltas: 100% (3/3), completed with 2 local objects.
2020-10-09T16:35:01-0400 [INFO    ] datalad.gitrepo Finished
2020-10-09T16:35:01-0400 [INFO    ] datalad.core.distributed.push Finished push of Dataset(/mnt/backup/dandi/dandiarchive-replica/000016)
